<?xml version="1.0" encoding="UTF-8"?>
<!-- Generated by org.testng.reporters.JUnitReportReporter -->
<testsuite hostname="DESKTOP-TVVC8A9" failures="0" tests="2" name="TestRunner.TestRunner" time="8.042" errors="0" timestamp="2021-04-03T16:16:57 PDT" skipped="0">
  <testcase classname="TestRunner.TestRunner" name="runScenario" time="5.782"/>
  <system-out/>
  <testcase classname="TestRunner.TestRunner" name="runScenario" time="2.260"/>
  <system-out/>
</testsuite> <!-- TestRunner.TestRunner -->
