<?xml version="1.0" encoding="UTF-8"?>
<!-- Generated by org.testng.reporters.JUnitReportReporter -->
<testsuite hostname="DESKTOP-TVVC8A9" failures="0" tests="1" name="com.Saurabh.AutomationProject.TesterClass" time="5.383" errors="0" timestamp="2021-04-02T14:09:43 PDT" skipped="0">
  <testcase classname="com.Saurabh.AutomationProject.TesterClass" name="testMethod" time="5.383"/>
  <system-out/>
</testsuite> <!-- com.Saurabh.AutomationProject.TesterClass -->
