<?xml version="1.0" encoding="UTF-8"?>
<!-- Generated by org.testng.reporters.JUnitReportReporter -->
<testsuite skipped="0" hostname="DESKTOP-TVVC8A9" name="com.Saurabh.AutomationProject.TesterClass" tests="1" failures="0" timestamp="2021-04-02T12:21:30 PDT" time="5.514" errors="0">
  <testcase name="testMethod" time="5.514" classname="com.Saurabh.AutomationProject.TesterClass"/>
  <system-out/>
</testsuite> <!-- com.Saurabh.AutomationProject.TesterClass -->
